<!DOCTYPE html PUBLIC "-//W3C//DTD XHTML 1.1//EN" "http://www.w3.org/TR/xhtml11/DTD/xhtml11.dtd">
<html xmlns="http://www.w3.org/1999/xhtml">
<head>
<meta http-equiv="content-type" content="text/html; charset=UTF-8"/>
<title>TestNG Report</title>
<style type="text/css">table {margin-bottom:10px;border-collapse:collapse;empty-cells:show}th,td {border:1px solid #009;padding:.25em .5em}th {vertical-align:bottom}td {vertical-align:top}table a {font-weight:bold}.stripe td {background-color: #E6EBF9}.num {text-align:right}.passedodd td {background-color: #3F3}.passedeven td {background-color: #0A0}.skippedodd td {background-color: #DDD}.skippedeven td {background-color: #CCC}.failedodd td,.attn {background-color: #F33}.failedeven td,.stripe .attn {background-color: #D00}.stacktrace {white-space:pre;font-family:monospace}.totop {font-size:85%;text-align:center;border-bottom:2px solid #000}.invisible {display:none}</style>
</head>
<body>
<table>
<tr><th>Test</th><th># Passed</th><th># Skipped</th><th># Failed</th><th>Time (ms)</th><th>Included Groups</th><th>Excluded Groups</th></tr>
<tr><th colspan="7">Command line suite</th></tr>
<tr><td><a href="#t0">Command line test</a></td><td class="num">0</td><td class="num attn">4</td><td class="num">0</td><td class="num">33</td><td></td><td></td></tr>
</table>
<table id='summary'><thead><tr><th>Class</th><th>Method</th><th>Start</th><th>Time (ms)</th></tr></thead><tbody><tr><th colspan="4">Command line suite</th></tr></tbody><tbody id="t0"><tr><th colspan="4">Command line test &#8212; failed (configuration methods)</th></tr><tr class="failedeven"><td rowspan="1">amazonPackTest.AccountTest</td><td><a href="#m0">setupDriver</a></td><td rowspan="1">1560888017339</td><td rowspan="1">0</td></tr><tr class="failedodd"><td rowspan="1">amazonPackTest.AutosaggestionpageTest</td><td><a href="#m1">setupDriver</a></td><td rowspan="1">1560888017325</td><td rowspan="1">0</td></tr><tr class="failedeven"><td rowspan="1">amazonPackTest.BrowserProductpageTest</td><td><a href="#m2">setupDriver</a></td><td rowspan="1">1560888017336</td><td rowspan="1">0</td></tr><tr class="failedodd"><td rowspan="1">amazonPackTest.VerifyItemPageTest</td><td><a href="#m3">setupDriver</a></td><td rowspan="1">1560888017341</td><td rowspan="1">0</td></tr><tr><th colspan="4">Command line test &#8212; skipped (configuration methods)</th></tr><tr class="skippedeven"><td rowspan="4">amazonPackTest.AccountTest</td><td><a href="#m4">afterEachTestMethod</a></td><td rowspan="1">1560888017340</td><td rowspan="1">0</td></tr><tr class="skippedeven"><td><a href="#m5">initi</a></td><td rowspan="1">1560888017340</td><td rowspan="1">0</td></tr><tr class="skippedeven"><td><a href="#m6">quitDriver</a></td><td rowspan="1">1560888017341</td><td rowspan="1">0</td></tr><tr class="skippedeven"><td><a href="#m7">startExtent</a></td><td rowspan="1">1560888017340</td><td rowspan="1">0</td></tr><tr class="skippedodd"><td rowspan="5">amazonPackTest.AutosaggestionpageTest</td><td><a href="#m8">afterEachTestMethod</a></td><td rowspan="1">1560888017333</td><td rowspan="1">0</td></tr><tr class="skippedodd"><td><a href="#m9">generateReport</a></td><td rowspan="1">1560888017382</td><td rowspan="1">0</td></tr><tr class="skippedodd"><td><a href="#m10">init</a></td><td rowspan="1">1560888017332</td><td rowspan="1">0</td></tr><tr class="skippedodd"><td><a href="#m11">quitDriver</a></td><td rowspan="1">1560888017333</td><td rowspan="1">0</td></tr><tr class="skippedodd"><td><a href="#m12">startExtent</a></td><td rowspan="1">1560888017332</td><td rowspan="1">0</td></tr><tr class="skippedeven"><td rowspan="4">amazonPackTest.BrowserProductpageTest</td><td><a href="#m13">afterEachTestMethod</a></td><td rowspan="1">1560888017338</td><td rowspan="1">0</td></tr><tr class="skippedeven"><td><a href="#m14">init</a></td><td rowspan="1">1560888017337</td><td rowspan="1">0</td></tr><tr class="skippedeven"><td><a href="#m15">quitDriver</a></td><td rowspan="1">1560888017338</td><td rowspan="1">0</td></tr><tr class="skippedeven"><td><a href="#m16">startExtent</a></td><td rowspan="1">1560888017337</td><td rowspan="1">0</td></tr><tr class="skippedodd"><td rowspan="4">amazonPackTest.VerifyItemPageTest</td><td><a href="#m17">afterEachTestMethod</a></td><td rowspan="1">1560888017343</td><td rowspan="1">0</td></tr><tr class="skippedodd"><td><a href="#m18">init</a></td><td rowspan="1">1560888017343</td><td rowspan="1">0</td></tr><tr class="skippedodd"><td><a href="#m19">quitDriver</a></td><td rowspan="1">1560888017344</td><td rowspan="1">0</td></tr><tr class="skippedodd"><td><a href="#m20">startExtent</a></td><td rowspan="1">1560888017343</td><td rowspan="1">0</td></tr><tr><th colspan="4">Command line test &#8212; skipped</th></tr><tr class="skippedeven"><td rowspan="1">amazonPackTest.AccountTest</td><td><a href="#m21">SetloginTest</a></td><td rowspan="1">1560888017340</td><td rowspan="1">0</td></tr><tr class="skippedodd"><td rowspan="1">amazonPackTest.AutosaggestionpageTest</td><td><a href="#m22">setDealsTest</a></td><td rowspan="1">1560888017333</td><td rowspan="1">0</td></tr><tr class="skippedeven"><td rowspan="1">amazonPackTest.BrowserProductpageTest</td><td><a href="#m23">setSerachfieldTest</a></td><td rowspan="1">1560888017337</td><td rowspan="1">0</td></tr><tr class="skippedodd"><td rowspan="1">amazonPackTest.VerifyItemPageTest</td><td><a href="#m24">setVerifyItemTest</a></td><td rowspan="1">1560888017343</td><td rowspan="1">0</td></tr></tbody>
</table>
<h2>Command line test</h2><h3 id="m0">amazonPackTest.AccountTest#setupDriver</h3><table class="result"><tr><th>Exception</th></tr><tr><td><div class="stacktrace">org.testng.TestNGException: 
Parameter &apos;platform&apos; is required by BeforeMethod on method setupDriver but has not been marked @Optional or defined

... Removed 35 stack frames</div></td></tr></table><p class="totop"><a href="#summary">back to summary</a></p>
<h3 id="m1">amazonPackTest.AutosaggestionpageTest#setupDriver</h3><table class="result"><tr><th>Exception</th></tr><tr><td><div class="stacktrace">org.testng.TestNGException: 
Parameter &apos;platform&apos; is required by BeforeMethod on method setupDriver but has not been marked @Optional or defined

... Removed 35 stack frames</div></td></tr></table><p class="totop"><a href="#summary">back to summary</a></p>
<h3 id="m2">amazonPackTest.BrowserProductpageTest#setupDriver</h3><table class="result"><tr><th>Exception</th></tr><tr><td><div class="stacktrace">org.testng.TestNGException: 
Parameter &apos;platform&apos; is required by BeforeMethod on method setupDriver but has not been marked @Optional or defined

... Removed 35 stack frames</div></td></tr></table><p class="totop"><a href="#summary">back to summary</a></p>
<h3 id="m3">amazonPackTest.VerifyItemPageTest#setupDriver</h3><table class="result"><tr><th>Exception</th></tr><tr><td><div class="stacktrace">org.testng.TestNGException: 
Parameter &apos;platform&apos; is required by BeforeMethod on method setupDriver but has not been marked @Optional or defined

... Removed 35 stack frames</div></td></tr></table><p class="totop"><a href="#summary">back to summary</a></p>
<h3 id="m4">amazonPackTest.AccountTest#afterEachTestMethod</h3><table class="result"><tr><th class="invisible"/></tr></table><p class="totop"><a href="#summary">back to summary</a></p>
<h3 id="m5">amazonPackTest.AccountTest#initi</h3><table class="result"><tr><th class="invisible"/></tr></table><p class="totop"><a href="#summary">back to summary</a></p>
<h3 id="m6">amazonPackTest.AccountTest#quitDriver</h3><table class="result"><tr><th class="invisible"/></tr></table><p class="totop"><a href="#summary">back to summary</a></p>
<h3 id="m7">amazonPackTest.AccountTest#startExtent</h3><table class="result"><tr><th class="invisible"/></tr></table><p class="totop"><a href="#summary">back to summary</a></p>
<h3 id="m8">amazonPackTest.AutosaggestionpageTest#afterEachTestMethod</h3><table class="result"><tr><th class="invisible"/></tr></table><p class="totop"><a href="#summary">back to summary</a></p>
<h3 id="m9">amazonPackTest.AutosaggestionpageTest#generateReport</h3><table class="result"><tr><th class="invisible"/></tr></table><p class="totop"><a href="#summary">back to summary</a></p>
<h3 id="m10">amazonPackTest.AutosaggestionpageTest#init</h3><table class="result"><tr><th class="invisible"/></tr></table><p class="totop"><a href="#summary">back to summary</a></p>
<h3 id="m11">amazonPackTest.AutosaggestionpageTest#quitDriver</h3><table class="result"><tr><th class="invisible"/></tr></table><p class="totop"><a href="#summary">back to summary</a></p>
<h3 id="m12">amazonPackTest.AutosaggestionpageTest#startExtent</h3><table class="result"><tr><th class="invisible"/></tr></table><p class="totop"><a href="#summary">back to summary</a></p>
<h3 id="m13">amazonPackTest.BrowserProductpageTest#afterEachTestMethod</h3><table class="result"><tr><th class="invisible"/></tr></table><p class="totop"><a href="#summary">back to summary</a></p>
<h3 id="m14">amazonPackTest.BrowserProductpageTest#init</h3><table class="result"><tr><th class="invisible"/></tr></table><p class="totop"><a href="#summary">back to summary</a></p>
<h3 id="m15">amazonPackTest.BrowserProductpageTest#quitDriver</h3><table class="result"><tr><th class="invisible"/></tr></table><p class="totop"><a href="#summary">back to summary</a></p>
<h3 id="m16">amazonPackTest.BrowserProductpageTest#startExtent</h3><table class="result"><tr><th class="invisible"/></tr></table><p class="totop"><a href="#summary">back to summary</a></p>
<h3 id="m17">amazonPackTest.VerifyItemPageTest#afterEachTestMethod</h3><table class="result"><tr><th class="invisible"/></tr></table><p class="totop"><a href="#summary">back to summary</a></p>
<h3 id="m18">amazonPackTest.VerifyItemPageTest#init</h3><table class="result"><tr><th class="invisible"/></tr></table><p class="totop"><a href="#summary">back to summary</a></p>
<h3 id="m19">amazonPackTest.VerifyItemPageTest#quitDriver</h3><table class="result"><tr><th class="invisible"/></tr></table><p class="totop"><a href="#summary">back to summary</a></p>
<h3 id="m20">amazonPackTest.VerifyItemPageTest#startExtent</h3><table class="result"><tr><th class="invisible"/></tr></table><p class="totop"><a href="#summary">back to summary</a></p>
<h3 id="m21">amazonPackTest.AccountTest#SetloginTest</h3><table class="result"><tr><th>Exception</th></tr><tr><td><div class="stacktrace">org.testng.TestNGException: 
Parameter &apos;platform&apos; is required by BeforeMethod on method setupDriver but has not been marked @Optional or defined

... Removed 35 stack frames</div></td></tr></table><p class="totop"><a href="#summary">back to summary</a></p>
<h3 id="m22">amazonPackTest.AutosaggestionpageTest#setDealsTest</h3><table class="result"><tr><th>Exception</th></tr><tr><td><div class="stacktrace">org.testng.TestNGException: 
Parameter &apos;platform&apos; is required by BeforeMethod on method setupDriver but has not been marked @Optional or defined

... Removed 35 stack frames</div></td></tr></table><p class="totop"><a href="#summary">back to summary</a></p>
<h3 id="m23">amazonPackTest.BrowserProductpageTest#setSerachfieldTest</h3><table class="result"><tr><th>Exception</th></tr><tr><td><div class="stacktrace">org.testng.TestNGException: 
Parameter &apos;platform&apos; is required by BeforeMethod on method setupDriver but has not been marked @Optional or defined

... Removed 35 stack frames</div></td></tr></table><p class="totop"><a href="#summary">back to summary</a></p>
<h3 id="m24">amazonPackTest.VerifyItemPageTest#setVerifyItemTest</h3><table class="result"><tr><th>Exception</th></tr><tr><td><div class="stacktrace">org.testng.TestNGException: 
Parameter &apos;platform&apos; is required by BeforeMethod on method setupDriver but has not been marked @Optional or defined

... Removed 35 stack frames</div></td></tr></table><p class="totop"><a href="#summary">back to summary</a></p>
</body>
</html>
